# JRE version: OpenJDK Runtime Environment (17.0.11) (build 17.0.11+0--11852314)
# Java VM: OpenJDK 64-Bit Server VM (17.0.11+0--11852314, mixed mode, tiered, compressed oops, compressed class ptrs, g1 gc, windows-amd64)
GC Precious Log:
 CPUs: 8 total, 8 available
 Memory: 16281M
 Large Page Support: Disabled
 NUMA Support: Disabled
 Compressed Oops: Enabled (Zero based)
 Heap Region Size: 2M
 Heap Min Capacity: 8M
 Heap Initial Capacity: 256M
 Heap Max Capacity: 4072M
 Pre-touch: Disabled
 Parallel Workers: 8
 Concurrent Workers: 2
 Concurrent Refinement Workers: 8
 Periodic GC: Disabled
Heap:
 garbage-first heap   total 262144K, used 125022K [0x0000000701800000, 0x0000000800000000)
  region size 2048K, 1 young (2048K), 1 survivors (2048K)
 Metaspace       used 95446K, committed 95808K, reserved 1179648K
  class space    used 10049K, committed 10176K, reserved 1048576K
GC Heap History (20 events):
Event: 9.657 GC heap after
{Heap after GC invocations=23 (full 0):
 garbage-first heap   total 153600K, used 82407K [0x0000000701800000, 0x0000000800000000)
  region size 2048K, 3 young (6144K), 3 survivors (6144K)
 Metaspace       used 65359K, committed 65728K, reserved 1114112K
  class space    used 7490K, committed 7680K, reserved 1048576K
}
Event: 10.809 GC heap before
{Heap before GC invocations=24 (full 0):
 garbage-first heap   total 153600K, used 115175K [0x0000000701800000, 0x0000000800000000)
  region size 2048K, 19 young (38912K), 3 survivors (6144K)
 Metaspace       used 69168K, committed 69440K, reserved 1114112K
  class space    used 7820K, committed 7936K, reserved 1048576K
}
Event: 10.828 GC heap after
{Heap after GC invocations=25 (full 0):
 garbage-first heap   total 153600K, used 85300K [0x0000000701800000, 0x0000000800000000)
  region size 2048K, 2 young (4096K), 2 survivors (4096K)
 Metaspace       used 69168K, committed 69440K, reserved 1114112K
  class space    used 7820K, committed 7936K, reserved 1048576K
}
Event: 10.949 GC heap before
{Heap before GC invocations=25 (full 0):
 garbage-first heap   total 153600K, used 87348K [0x0000000701800000, 0x0000000800000000)
  region size 2048K, 3 young (6144K), 2 survivors (4096K)
 Metaspace       used 69249K, committed 69504K, reserved 1114112K
  class space    used 7821K, committed 7936K, reserved 1048576K
}
Event: 10.958 GC heap after
{Heap after GC invocations=26 (full 0):
 garbage-first heap   total 153600K, used 85965K [0x0000000701800000, 0x0000000800000000)
  region size 2048K, 1 young (2048K), 1 survivors (2048K)
 Metaspace       used 69249K, committed 69504K, reserved 1114112K
  class space    used 7821K, committed 7936K, reserved 1048576K
}
Event: 11.890 GC heap before
{Heap before GC invocations=26 (full 0):
 garbage-first heap   total 153600K, used 118733K [0x0000000701800000, 0x0000000800000000)
  region size 2048K, 17 young (34816K), 1 survivors (2048K)
 Metaspace       used 69657K, committed 69952K, reserved 1114112K
  class space    used 7853K, committed 8000K, reserved 1048576K
}
Event: 11.907 GC heap after
{Heap after GC invocations=27 (full 0):
 garbage-first heap   total 153600K, used 91932K [0x0000000701800000, 0x0000000800000000)
  region size 2048K, 3 young (6144K), 3 survivors (6144K)
 Metaspace       used 69657K, committed 69952K, reserved 1114112K
  class space    used 7853K, committed 8000K, reserved 1048576K
}
Event: 12.598 GC heap before
{Heap before GC invocations=28 (full 0):
 garbage-first heap   total 172032K, used 120604K [0x0000000701800000, 0x0000000800000000)
  region size 2048K, 17 young (34816K), 3 survivors (6144K)
 Metaspace       used 70856K, committed 71104K, reserved 1114112K
  class space    used 7948K, committed 8064K, reserved 1048576K
}
Event: 12.616 GC heap after
{Heap after GC invocations=29 (full 0):
 garbage-first heap   total 172032K, used 96356K [0x0000000701800000, 0x0000000800000000)
  region size 2048K, 3 young (6144K), 3 survivors (6144K)
 Metaspace       used 70856K, committed 71104K, reserved 1114112K
  class space    used 7948K, committed 8064K, reserved 1048576K
}
Event: 12.646 GC heap before
{Heap before GC invocations=29 (full 0):
 garbage-first heap   total 172032K, used 98404K [0x0000000701800000, 0x0000000800000000)
  region size 2048K, 4 young (8192K), 3 survivors (6144K)
 Metaspace       used 71109K, committed 71424K, reserved 1114112K
  class space    used 7981K, committed 8128K, reserved 1048576K
}
Event: 12.658 GC heap after
{Heap after GC invocations=30 (full 0):
 garbage-first heap   total 243712K, used 96953K [0x0000000701800000, 0x0000000800000000)
  region size 2048K, 1 young (2048K), 1 survivors (2048K)
 Metaspace       used 71109K, committed 71424K, reserved 1114112K
  class space    used 7981K, committed 8128K, reserved 1048576K
}
Event: 14.457 GC heap before
{Heap before GC invocations=30 (full 0):
 garbage-first heap   total 243712K, used 185017K [0x0000000701800000, 0x0000000800000000)
  region size 2048K, 44 young (90112K), 1 survivors (2048K)
 Metaspace       used 77376K, committed 77696K, reserved 1179648K
  class space    used 8509K, committed 8640K, reserved 1048576K
}
Event: 14.480 GC heap after
{Heap after GC invocations=31 (full 0):
 garbage-first heap   total 243712K, used 112640K [0x0000000701800000, 0x0000000800000000)
  region size 2048K, 6 young (12288K), 6 survivors (12288K)
 Metaspace       used 77376K, committed 77696K, reserved 1179648K
  class space    used 8509K, committed 8640K, reserved 1048576K
}
Event: 15.842 GC heap before
{Heap before GC invocations=31 (full 0):
 garbage-first heap   total 243712K, used 178176K [0x0000000701800000, 0x0000000800000000)
  region size 2048K, 38 young (77824K), 6 survivors (12288K)
 Metaspace       used 86540K, committed 86848K, reserved 1179648K
  class space    used 9365K, committed 9536K, reserved 1048576K
}
Event: 15.868 GC heap after
{Heap after GC invocations=32 (full 0):
 garbage-first heap   total 243712K, used 118239K [0x0000000701800000, 0x0000000800000000)
  region size 2048K, 3 young (6144K), 3 survivors (6144K)
 Metaspace       used 86540K, committed 86848K, reserved 1179648K
  class space    used 9365K, committed 9536K, reserved 1048576K
}
Event: 17.016 GC heap before
{Heap before GC invocations=32 (full 0):
 garbage-first heap   total 243712K, used 185823K [0x0000000701800000, 0x0000000800000000)
  region size 2048K, 36 young (73728K), 3 survivors (6144K)
 Metaspace       used 88312K, committed 88704K, reserved 1179648K
  class space    used 9451K, committed 9600K, reserved 1048576K
}
Event: 17.028 GC heap after
{Heap after GC invocations=33 (full 0):
 garbage-first heap   total 243712K, used 119942K [0x0000000701800000, 0x0000000800000000)
  region size 2048K, 4 young (8192K), 4 survivors (8192K)
 Metaspace       used 88312K, committed 88704K, reserved 1179648K
  class space    used 9451K, committed 9600K, reserved 1048576K
}
Event: 18.595 GC heap before
{Heap before GC invocations=34 (full 0):
 garbage-first heap   total 243712K, used 191622K [0x0000000701800000, 0x0000000800000000)
  region size 2048K, 39 young (79872K), 4 survivors (8192K)
 Metaspace       used 95411K, committed 95744K, reserved 1179648K
  class space    used 10049K, committed 10176K, reserved 1048576K
}
Event: 18.614 GC heap after
{Heap after GC invocations=35 (full 0):
 garbage-first heap   total 243712K, used 124502K [0x0000000701800000, 0x0000000800000000)
  region size 2048K, 4 young (8192K), 4 survivors (8192K)
 Metaspace       used 95411K, committed 95744K, reserved 1179648K
  class space    used 10049K, committed 10176K, reserved 1048576K
}
Event: 18.645 GC heap before
{Heap before GC invocations=35 (full 0):
 garbage-first heap   total 243712K, used 126550K [0x0000000701800000, 0x0000000800000000)
  region size 2048K, 5 young (10240K), 4 survivors (8192K)
 Metaspace       used 95446K, committed 95808K, reserved 1179648K
  class space    used 10049K, committed 10176K, reserved 1048576K
}

