# JRE version: OpenJDK Runtime Environment (17.0.11) (build 17.0.11+0--11852314)
# Java VM: OpenJDK 64-Bit Server VM (17.0.11+0--11852314, mixed mode, tiered, compressed oops, compressed class ptrs, g1 gc, windows-amd64)
GC Precious Log:
 CPUs: 8 total, 8 available
 Memory: 16281M
 Large Page Support: Disabled
 NUMA Support: Disabled
 Compressed Oops: Enabled (Zero based)
 Heap Region Size: 2M
 Heap Min Capacity: 8M
 Heap Initial Capacity: 256M
 Heap Max Capacity: 4072M
 Pre-touch: Disabled
 Parallel Workers: 8
 Concurrent Workers: 2
 Concurrent Refinement Workers: 8
 Periodic GC: Disabled
Heap:
 garbage-first heap   total 299008K, used 191761K [0x0000000701800000, 0x0000000800000000)
  region size 2048K, 43 young (88064K), 3 survivors (6144K)
 Metaspace       used 86797K, committed 87168K, reserved 1179648K
  class space    used 9373K, committed 9536K, reserved 1048576K
GC Heap History (20 events):
Event: 8.034 GC heap before
{Heap before GC invocations=16 (full 0):
 garbage-first heap   total 120832K, used 85910K [0x0000000701800000, 0x0000000800000000)
  region size 2048K, 19 young (38912K), 3 survivors (6144K)
 Metaspace       used 61855K, committed 62208K, reserved 1114112K
  class space    used 7312K, committed 7488K, reserved 1048576K
}
Event: 8.055 GC heap after
{Heap after GC invocations=17 (full 0):
 garbage-first heap   total 120832K, used 58857K [0x0000000701800000, 0x0000000800000000)
  region size 2048K, 3 young (6144K), 3 survivors (6144K)
 Metaspace       used 61855K, committed 62208K, reserved 1114112K
  class space    used 7312K, committed 7488K, reserved 1048576K
}
Event: 8.537 GC heap before
{Heap before GC invocations=17 (full 0):
 garbage-first heap   total 120832K, used 87529K [0x0000000701800000, 0x0000000800000000)
  region size 2048K, 17 young (34816K), 3 survivors (6144K)
 Metaspace       used 62495K, committed 62784K, reserved 1114112K
  class space    used 7358K, committed 7488K, reserved 1048576K
}
Event: 8.565 GC heap after
{Heap after GC invocations=18 (full 0):
 garbage-first heap   total 120832K, used 65725K [0x0000000701800000, 0x0000000800000000)
  region size 2048K, 3 young (6144K), 3 survivors (6144K)
 Metaspace       used 62495K, committed 62784K, reserved 1114112K
  class space    used 7358K, committed 7488K, reserved 1048576K
}
Event: 9.140 GC heap before
{Heap before GC invocations=19 (full 0):
 garbage-first heap   total 120832K, used 90301K [0x0000000701800000, 0x0000000800000000)
  region size 2048K, 15 young (30720K), 3 survivors (6144K)
 Metaspace       used 63624K, committed 63936K, reserved 1114112K
  class space    used 7457K, committed 7616K, reserved 1048576K
}
Event: 9.164 GC heap after
{Heap after GC invocations=20 (full 0):
 garbage-first heap   total 120832K, used 71784K [0x0000000701800000, 0x0000000800000000)
  region size 2048K, 2 young (4096K), 2 survivors (4096K)
 Metaspace       used 63624K, committed 63936K, reserved 1114112K
  class space    used 7457K, committed 7616K, reserved 1048576K
}
Event: 9.641 GC heap before
{Heap before GC invocations=20 (full 0):
 garbage-first heap   total 120832K, used 92264K [0x0000000701800000, 0x0000000800000000)
  region size 2048K, 12 young (24576K), 2 survivors (4096K)
 Metaspace       used 64229K, committed 64576K, reserved 1114112K
  class space    used 7470K, committed 7616K, reserved 1048576K
}
Event: 9.666 GC heap after
{Heap after GC invocations=21 (full 0):
 garbage-first heap   total 178176K, used 76044K [0x0000000701800000, 0x0000000800000000)
  region size 2048K, 2 young (4096K), 2 survivors (4096K)
 Metaspace       used 64229K, committed 64576K, reserved 1114112K
  class space    used 7470K, committed 7616K, reserved 1048576K
}
Event: 10.989 GC heap before
{Heap before GC invocations=22 (full 0):
 garbage-first heap   total 178176K, used 127244K [0x0000000701800000, 0x0000000800000000)
  region size 2048K, 27 young (55296K), 2 survivors (4096K)
 Metaspace       used 65455K, committed 65792K, reserved 1114112K
  class space    used 7505K, committed 7680K, reserved 1048576K
}
Event: 11.009 GC heap after
{Heap after GC invocations=23 (full 0):
 garbage-first heap   total 178176K, used 83393K [0x0000000701800000, 0x0000000800000000)
  region size 2048K, 4 young (8192K), 4 survivors (8192K)
 Metaspace       used 65455K, committed 65792K, reserved 1114112K
  class space    used 7505K, committed 7680K, reserved 1048576K
}
Event: 12.549 GC heap before
{Heap before GC invocations=23 (full 0):
 garbage-first heap   total 178176K, used 130497K [0x0000000701800000, 0x0000000800000000)
  region size 2048K, 27 young (55296K), 4 survivors (8192K)
 Metaspace       used 69533K, committed 69824K, reserved 1114112K
  class space    used 7853K, committed 8000K, reserved 1048576K
}
Event: 12.569 GC heap after
{Heap after GC invocations=24 (full 0):
 garbage-first heap   total 178176K, used 89721K [0x0000000701800000, 0x0000000800000000)
  region size 2048K, 3 young (6144K), 3 survivors (6144K)
 Metaspace       used 69533K, committed 69824K, reserved 1114112K
  class space    used 7853K, committed 8000K, reserved 1048576K
}
Event: 13.133 GC heap before
{Heap before GC invocations=24 (full 0):
 garbage-first heap   total 178176K, used 132729K [0x0000000701800000, 0x0000000800000000)
  region size 2048K, 25 young (51200K), 3 survivors (6144K)
 Metaspace       used 70870K, committed 71168K, reserved 1114112K
  class space    used 7958K, committed 8064K, reserved 1048576K
}
Event: 13.160 GC heap after
{Heap after GC invocations=25 (full 0):
 garbage-first heap   total 178176K, used 96678K [0x0000000701800000, 0x0000000800000000)
  region size 2048K, 4 young (8192K), 4 survivors (8192K)
 Metaspace       used 70870K, committed 71168K, reserved 1114112K
  class space    used 7958K, committed 8064K, reserved 1048576K
}
Event: 14.380 GC heap before
{Heap before GC invocations=26 (full 0):
 garbage-first heap   total 178176K, used 135590K [0x0000000701800000, 0x0000000800000000)
  region size 2048K, 23 young (47104K), 4 survivors (8192K)
 Metaspace       used 76768K, committed 77120K, reserved 1179648K
  class space    used 8491K, committed 8640K, reserved 1048576K
}
Event: 14.398 GC heap after
{Heap after GC invocations=27 (full 0):
 garbage-first heap   total 178176K, used 102721K [0x0000000701800000, 0x0000000800000000)
  region size 2048K, 3 young (6144K), 3 survivors (6144K)
 Metaspace       used 76768K, committed 77120K, reserved 1179648K
  class space    used 8491K, committed 8640K, reserved 1048576K
}
Event: 14.440 GC heap before
{Heap before GC invocations=27 (full 0):
 garbage-first heap   total 178176K, used 104769K [0x0000000701800000, 0x0000000800000000)
  region size 2048K, 4 young (8192K), 3 survivors (6144K)
 Metaspace       used 76794K, committed 77120K, reserved 1179648K
  class space    used 8491K, committed 8640K, reserved 1048576K
}
Event: 14.451 GC heap after
{Heap after GC invocations=28 (full 0):
 garbage-first heap   total 178176K, used 104667K [0x0000000701800000, 0x0000000800000000)
  region size 2048K, 1 young (2048K), 1 survivors (2048K)
 Metaspace       used 76794K, committed 77120K, reserved 1179648K
  class space    used 8491K, committed 8640K, reserved 1048576K
}
Event: 14.892 GC heap before
{Heap before GC invocations=28 (full 0):
 garbage-first heap   total 178176K, used 139483K [0x0000000701800000, 0x0000000800000000)
  region size 2048K, 18 young (36864K), 1 survivors (2048K)
 Metaspace       used 77068K, committed 77376K, reserved 1179648K
  class space    used 8496K, committed 8640K, reserved 1048576K
}
Event: 14.911 GC heap after
{Heap after GC invocations=29 (full 0):
 garbage-first heap   total 299008K, used 111889K [0x0000000701800000, 0x0000000800000000)
  region size 2048K, 3 young (6144K), 3 survivors (6144K)
 Metaspace       used 77068K, committed 77376K, reserved 1179648K
  class space    used 8496K, committed 8640K, reserved 1048576K
}

